<?xml version="1.0" encoding="UTF-8"?>
<testsuite name="com.example.cppcounter.presentation.viewmodel.CounterViewModelTest" tests="3" skipped="0" failures="0" errors="0" timestamp="2026-04-16T07:33:33" hostname="DIVYA" time="3.635">
  <properties/>
  <testcase name="uiState should update when repository emits data" classname="com.example.cppcounter.presentation.viewmodel.CounterViewModelTest" time="3.424"/>
  <testcase name="loading should be true when increment called" classname="com.example.cppcounter.presentation.viewmodel.CounterViewModelTest" time="0.163"/>
  <testcase name="increment should call repository increment" classname="com.example.cppcounter.presentation.viewmodel.CounterViewModelTest" time="0.046"/>
  <system-out><![CDATA[]]></system-out>
  <system-err><![CDATA[WARNING: A Java agent has been loaded dynamically (C:\Users\dines\.gradle\caches\modules-2\files-2.1\net.bytebuddy\byte-buddy-agent\1.14.6\46e2545d7a97b6ccb195621650c5957279eb4812\byte-buddy-agent-1.14.6.jar)
WARNING: If a serviceability tool is in use, please run with -XX:+EnableDynamicAgentLoading to hide this warning
WARNING: If a serviceability tool is not in use, please run with -Djdk.instrument.traceUsage for more information
WARNING: Dynamic loading of agents will be disallowed by default in a future release
]]></system-err>
</testsuite>
